<?xml version="1.0" encoding="UTF-8"?>
<!-- Generated by org.testng.reporters.JUnitReportReporter -->
<testsuite hostname="DESKTOP-FNAOHNH" failures="0" tests="1" name="Arrays.CombinationOfNumbersWhoseSumIs11" time="0.016" errors="0" timestamp="2023-12-17T19:19:36 IST" skipped="0">
  <testcase classname="Arrays.CombinationOfNumbersWhoseSumIs11" name="sum" time="0.016"/>
  <system-out/>
</testsuite> <!-- Arrays.CombinationOfNumbersWhoseSumIs11 -->
