<?xml version="1.0" encoding="UTF-8"?>
<!-- Generated by org.testng.reporters.JUnitReportReporter -->
<testsuite hostname="DESKTOP-FNAOHNH" failures="0" tests="1" name="Arrays.BubbleSortDescendingOrderTest" time="0.019" errors="0" timestamp="2023-12-17T18:10:17 IST" skipped="0">
  <testcase classname="Arrays.BubbleSortDescendingOrderTest" name="sort" time="0.019"/>
  <system-out/>
</testsuite> <!-- Arrays.BubbleSortDescendingOrderTest -->
