<?xml version="1.0" encoding="UTF-8"?>
<!-- Generated by org.testng.reporters.JUnitReportReporter -->
<testsuite hostname="DESKTOP-FNAOHNH" failures="0" tests="1" name="String.ReverseAString5Test" time="0.014" errors="0" timestamp="2024-01-09T22:57:31 IST" skipped="0">
  <testcase classname="String.ReverseAString5Test" name="sel" time="0.014"/>
  <system-out/>
</testsuite> <!-- String.ReverseAString5Test -->
