<?xml version="1.0" encoding="UTF-8"?>
<!-- Generated by org.testng.reporters.JUnitReportReporter -->
<testsuite hostname="DESKTOP-FNAOHNH" failures="0" tests="1" name="Patterns.Triangle3" time="0.013" errors="0" timestamp="2024-01-02T11:15:58 IST" skipped="0">
  <testcase classname="Patterns.Triangle3" name="pattern" time="0.013"/>
  <system-out/>
</testsuite> <!-- Patterns.Triangle3 -->
