<?xml version="1.0" encoding="UTF-8"?>
<!-- Generated by org.testng.reporters.JUnitReportReporter -->
<testsuite hostname="DESKTOP-FNAOHNH" failures="0" tests="1" name="Arrays.BubbleSortAscendingTest" time="0.011" errors="0" timestamp="2023-12-17T11:56:02 IST" skipped="0">
  <testcase classname="Arrays.BubbleSortAscendingTest" name="sort" time="0.011"/>
  <system-out/>
</testsuite> <!-- Arrays.BubbleSortAscendingTest -->
