<?xml version="1.0" encoding="UTF-8"?>
<!-- Generated by org.testng.reporters.JUnitReportReporter -->
<testsuite hostname="DESKTOP-FNAOHNH" failures="0" tests="1" name="String.MyNameisPrakash" time="0.033" errors="0" timestamp="2023-12-29T09:53:53 IST" skipped="0">
  <testcase classname="String.MyNameisPrakash" name="myNameisPrakash" time="0.033"/>
  <system-out/>
</testsuite> <!-- String.MyNameisPrakash -->
