<?xml version="1.0" encoding="UTF-8"?>
<!-- Generated by org.testng.reporters.JUnitReportReporter -->
<testsuite hostname="DESKTOP-FNAOHNH" failures="0" tests="1" name="String.RemoveRepeatedWordsInaSentenceMap" time="0.013" errors="0" timestamp="2023-12-30T18:17:45 IST" skipped="0">
  <testcase classname="String.RemoveRepeatedWordsInaSentenceMap" name="remove" time="0.013"/>
  <system-out/>
</testsuite> <!-- String.RemoveRepeatedWordsInaSentenceMap -->
